<?xml version="1.0" encoding="UTF-8"?>
<!-- Generated by org.testng.reporters.JUnitReportReporter -->
<testsuite hostname="ShamalaAcharya" failures="0" tests="1" name="scripts.CancelOrders" time="74.620" errors="0" timestamp="24 Jun 2023 08:08:15 GMT" skipped="0">
  <testcase classname="scripts.CancelOrders" name="runner" time="74.620"/>
</testsuite> <!-- scripts.CancelOrders -->
